0 info it worked if it ends with ok
1 verbose cli [ '/usr/bin/node', '/usr/bin/npm', 'publish' ]
2 info using npm@2.11.3
3 info using node@v0.12.7
4 verbose node symlink /usr/bin/node
5 verbose publish [ '.' ]
6 silly cache add args [ '.', null ]
7 verbose cache add spec .
8 silly cache add parsed spec { raw: '.',
8 silly cache add   scope: null,
8 silly cache add   name: null,
8 silly cache add   rawSpec: '.',
8 silly cache add   spec: '/home/sanchitn/Desktop/mean/Practical/20july/Project2',
8 silly cache add   type: 'directory' }
9 verbose addLocalDirectory /home/sanchitn/.npm/test/1.0.0/package.tgz not in flight; packing
10 verbose tar pack [ '/home/sanchitn/.npm/test/1.0.0/package.tgz',
10 verbose tar pack   '/home/sanchitn/Desktop/mean/Practical/20july/Project2' ]
11 verbose tarball /home/sanchitn/.npm/test/1.0.0/package.tgz
12 verbose folder /home/sanchitn/Desktop/mean/Practical/20july/Project2
13 info prepublish test@1.0.0
14 verbose addLocalTarball adding from inside cache /home/sanchitn/.npm/test/1.0.0/package.tgz
15 silly cache afterAdd test@1.0.0
16 verbose afterAdd /home/sanchitn/.npm/test/1.0.0/package/package.json not in flight; writing
17 verbose afterAdd /home/sanchitn/.npm/test/1.0.0/package/package.json written
18 silly publish { name: 'test',
18 silly publish   version: '1.0.0',
18 silly publish   description: '',
18 silly publish   main: 'index.js',
18 silly publish   dependencies: { module1: '^1.0.0', module2: '^1.0.0', module3: '^1.0.0' },
18 silly publish   devDependencies: {},
18 silly publish   scripts: { test: 'echo "Error: no test specified" && exit 1' },
18 silly publish   author: '',
18 silly publish   license: 'ISC',
18 silly publish   readme: 'ERROR: No README data found!',
18 silly publish   _id: 'test@1.0.0',
18 silly publish   _shasum: '9ae3825e7669fe99a5878f5c64ca4aa638b8d968',
18 silly publish   _from: '.' }
19 verbose getPublishConfig undefined
20 silly mapToRegistry name test
21 silly mapToRegistry using default registry
22 silly mapToRegistry registry https://registry.npmjs.org/
23 silly mapToRegistry uri https://registry.npmjs.org/test
24 verbose publish registryBase https://registry.npmjs.org/
25 silly publish uploading /home/sanchitn/.npm/test/1.0.0/package.tgz
26 verbose stack Error: auth required for publishing
26 verbose stack     at CachingRegistryClient.publish (/usr/lib/node_modules/npm/node_modules/npm-registry-client/lib/publish.js:30:14)
26 verbose stack     at /usr/lib/node_modules/npm/lib/publish.js:134:14
26 verbose stack     at mapToRegistry (/usr/lib/node_modules/npm/lib/utils/map-to-registry.js:55:3)
26 verbose stack     at publish_ (/usr/lib/node_modules/npm/lib/publish.js:104:3)
26 verbose stack     at Array.<anonymous> (/usr/lib/node_modules/npm/node_modules/slide/lib/bind-actor.js:15:8)
26 verbose stack     at LOOP (/usr/lib/node_modules/npm/node_modules/slide/lib/chain.js:15:14)
26 verbose stack     at LOOP (/usr/lib/node_modules/npm/node_modules/slide/lib/chain.js:14:28)
26 verbose stack     at chain (/usr/lib/node_modules/npm/node_modules/slide/lib/chain.js:20:5)
26 verbose stack     at /usr/lib/node_modules/npm/lib/publish.js:73:5
26 verbose stack     at RES (/usr/lib/node_modules/npm/node_modules/inflight/inflight.js:23:14)
27 verbose cwd /home/sanchitn/Desktop/mean/Practical/20july/Project2
28 error Linux 3.13.0-24-generic
29 error argv "/usr/bin/node" "/usr/bin/npm" "publish"
30 error node v0.12.7
31 error npm  v2.11.3
32 error code ENEEDAUTH
33 error need auth auth required for publishing
33 error need auth You need to authorize this machine using `npm adduser`
34 verbose exit [ 1, true ]
