0 info it worked if it ends with ok
1 verbose cli [ '/usr/bin/node',
1 verbose cli   '/usr/bin/npm',
1 verbose cli   'install',
1 verbose cli   'express-session',
1 verbose cli   '-g' ]
2 info using npm@2.11.3
3 info using node@v0.12.7
4 verbose node symlink /usr/bin/node
5 verbose install initial load of /usr/lib/package.json
6 verbose readDependencies loading dependencies from /usr/lib/package.json
7 silly cache add args [ 'express-session', null ]
8 verbose cache add spec express-session
9 silly cache add parsed spec { raw: 'express-session',
9 silly cache add   scope: null,
9 silly cache add   name: 'express-session',
9 silly cache add   rawSpec: '',
9 silly cache add   spec: '*',
9 silly cache add   type: 'range' }
10 silly addNamed express-session@*
11 verbose addNamed "*" is a valid semver range for express-session
12 silly addNameRange { name: 'express-session', range: '*', hasData: false }
13 silly mapToRegistry name express-session
14 silly mapToRegistry using default registry
15 silly mapToRegistry registry https://registry.npmjs.org/
16 silly mapToRegistry uri https://registry.npmjs.org/express-session
17 verbose addNameRange registry:https://registry.npmjs.org/express-session not in flight; fetching
18 verbose request uri https://registry.npmjs.org/express-session
19 verbose request no auth needed
20 info attempt registry request try #1 at 14:08:34
21 verbose request id b6a0a4cdb02bbc77
22 http request GET https://registry.npmjs.org/express-session
23 http 200 https://registry.npmjs.org/express-session
24 silly get cb [ 200,
24 silly get   { server: 'CouchDB/1.5.0 (Erlang OTP/R16B03)',
24 silly get     etag: '"BSKX59N00ZXUX7S9XDMBSANRP"',
24 silly get     'content-type': 'application/json',
24 silly get     'cache-control': 'max-age=60',
24 silly get     'content-length': '87125',
24 silly get     'accept-ranges': 'bytes',
24 silly get     date: 'Tue, 08 Sep 2015 08:38:35 GMT',
24 silly get     via: '1.1 varnish',
24 silly get     age: '25',
24 silly get     connection: 'keep-alive',
24 silly get     'x-served-by': 'cache-sin6920-SIN',
24 silly get     'x-cache': 'HIT',
24 silly get     'x-cache-hits': '1',
24 silly get     'x-timer': 'S1441701515.831778,VS0,VE0',
24 silly get     vary: 'Accept' } ]
25 verbose get saving express-session to /home/sanchitn/.npm/registry.npmjs.org/express-session/.cache.json
26 silly addNameRange number 2 { name: 'express-session', range: '*', hasData: true }
27 silly addNameRange versions [ 'express-session',
27 silly addNameRange   [ '1.0.0',
27 silly addNameRange     '1.0.1',
27 silly addNameRange     '1.0.2',
27 silly addNameRange     '1.0.3',
27 silly addNameRange     '1.0.4',
27 silly addNameRange     '1.1.0',
27 silly addNameRange     '1.2.0',
27 silly addNameRange     '1.2.1',
27 silly addNameRange     '1.3.0',
27 silly addNameRange     '1.3.1',
27 silly addNameRange     '1.4.0',
27 silly addNameRange     '1.5.0',
27 silly addNameRange     '1.5.1',
27 silly addNameRange     '1.5.2',
27 silly addNameRange     '1.6.0',
27 silly addNameRange     '1.6.1',
27 silly addNameRange     '1.6.2',
27 silly addNameRange     '1.6.3',
27 silly addNameRange     '1.6.4',
27 silly addNameRange     '1.6.5',
27 silly addNameRange     '1.7.0',
27 silly addNameRange     '1.7.1',
27 silly addNameRange     '1.7.2',
27 silly addNameRange     '1.7.3',
27 silly addNameRange     '1.7.4',
27 silly addNameRange     '1.7.5',
27 silly addNameRange     '1.7.6',
27 silly addNameRange     '1.8.0',
27 silly addNameRange     '1.8.1',
27 silly addNameRange     '1.8.2',
27 silly addNameRange     '1.9.0',
27 silly addNameRange     '1.9.1',
27 silly addNameRange     '1.9.2',
27 silly addNameRange     '1.9.3',
27 silly addNameRange     '1.10.0',
27 silly addNameRange     '1.10.1',
27 silly addNameRange     '1.10.2',
27 silly addNameRange     '1.10.3',
27 silly addNameRange     '1.10.4',
27 silly addNameRange     '1.11.0',
27 silly addNameRange     '1.11.1',
27 silly addNameRange     '1.11.2',
27 silly addNameRange     '1.11.3' ] ]
28 silly addNamed express-session@1.11.3
29 verbose addNamed "1.11.3" is a plain semver version for express-session
30 silly mapToRegistry name express-session
31 silly mapToRegistry using default registry
32 silly mapToRegistry registry https://registry.npmjs.org/
33 silly mapToRegistry uri https://registry.npmjs.org/express-session
34 verbose addRemoteTarball https://registry.npmjs.org/express-session/-/express-session-1.11.3.tgz not in flight; adding
35 verbose addRemoteTarball [ 'https://registry.npmjs.org/express-session/-/express-session-1.11.3.tgz',
35 verbose addRemoteTarball   '5cc98f3f5ff84ed835f91cbf0aabd0c7107400af' ]
36 info retry fetch attempt 1 at 14:08:35
37 info attempt registry request try #1 at 14:08:35
38 http fetch GET https://registry.npmjs.org/express-session/-/express-session-1.11.3.tgz
39 http fetch 200 https://registry.npmjs.org/express-session/-/express-session-1.11.3.tgz
40 silly fetchAndShaCheck shasum 5cc98f3f5ff84ed835f91cbf0aabd0c7107400af
41 verbose addTmpTarball /tmp/npm-3520-fa4bfc76/registry.npmjs.org/express-session/-/express-session-1.11.3.tgz not in flight; adding
42 verbose addTmpTarball already have metadata; skipping unpack for express-session@1.11.3
43 silly cache afterAdd express-session@1.11.3
44 verbose afterAdd /home/sanchitn/.npm/express-session/1.11.3/package/package.json not in flight; writing
45 verbose afterAdd /home/sanchitn/.npm/express-session/1.11.3/package/package.json written
46 silly install resolved [ { name: 'express-session',
46 silly install resolved     version: '1.11.3',
46 silly install resolved     description: 'Simple session middleware for Express',
46 silly install resolved     author:
46 silly install resolved      { name: 'TJ Holowaychuk',
46 silly install resolved        email: 'tj@vision-media.ca',
46 silly install resolved        url: 'http://tjholowaychuk.com' },
46 silly install resolved     contributors: [ [Object], [Object] ],
46 silly install resolved     repository: { type: 'git', url: 'https://github.com/expressjs/session' },
46 silly install resolved     license: 'MIT',
46 silly install resolved     dependencies:
46 silly install resolved      { cookie: '0.1.3',
46 silly install resolved        'cookie-signature': '1.0.6',
46 silly install resolved        crc: '3.3.0',
46 silly install resolved        debug: '~2.2.0',
46 silly install resolved        depd: '~1.0.1',
46 silly install resolved        'on-headers': '~1.0.0',
46 silly install resolved        parseurl: '~1.3.0',
46 silly install resolved        'uid-safe': '~2.0.0',
46 silly install resolved        'utils-merge': '1.0.0' },
46 silly install resolved     devDependencies:
46 silly install resolved      { after: '0.8.1',
46 silly install resolved        'cookie-parser': '~1.3.5',
46 silly install resolved        express: '~4.12.4',
46 silly install resolved        istanbul: '0.3.15',
46 silly install resolved        mocha: '2.2.5',
46 silly install resolved        supertest: '1.0.1' },
46 silly install resolved     files: [ 'session/', 'HISTORY.md', 'LICENSE', 'index.js' ],
46 silly install resolved     engines: { node: '>= 0.8.0' },
46 silly install resolved     scripts:
46 silly install resolved      { test: 'mocha --bail --reporter spec test/',
46 silly install resolved        'test-cov': 'istanbul cover node_modules/mocha/bin/_mocha -- --reporter dot test/',
46 silly install resolved        'test-travis': 'istanbul cover node_modules/mocha/bin/_mocha --report lcovonly -- --reporter spec test/' },
46 silly install resolved     gitHead: '64e2e7a2d21da881ea53ab984f9eff4be58d7caf',
46 silly install resolved     bugs: { url: 'https://github.com/expressjs/session/issues' },
46 silly install resolved     homepage: 'https://github.com/expressjs/session',
46 silly install resolved     _id: 'express-session@1.11.3',
46 silly install resolved     _shasum: '5cc98f3f5ff84ed835f91cbf0aabd0c7107400af',
46 silly install resolved     _from: 'express-session@*',
46 silly install resolved     _npmVersion: '1.4.28',
46 silly install resolved     _npmUser: { name: 'dougwilson', email: 'doug@somethingdoug.com' },
46 silly install resolved     maintainers: [ [Object], [Object], [Object] ],
46 silly install resolved     dist:
46 silly install resolved      { shasum: '5cc98f3f5ff84ed835f91cbf0aabd0c7107400af',
46 silly install resolved        tarball: 'http://registry.npmjs.org/express-session/-/express-session-1.11.3.tgz' },
46 silly install resolved     directories: {},
46 silly install resolved     _resolved: 'https://registry.npmjs.org/express-session/-/express-session-1.11.3.tgz' } ]
47 info install express-session@1.11.3 into /usr/lib
48 info installOne express-session@1.11.3
49 verbose installOne of express-session to /usr/lib not in flight; installing
50 verbose lock using /home/sanchitn/.npm/_locks/express-session-34de49139685cc68.lock for /usr/lib/node_modules/express-session
51 silly install write writing express-session 1.11.3 to /usr/lib/node_modules/express-session
52 verbose unbuild lib/node_modules/express-session
53 silly gentlyRm /usr/lib/node_modules/express-session is being purged from base /usr
54 verbose gentlyRm don't care about contents; nuking /usr/lib/node_modules/express-session
55 verbose tar unpack /home/sanchitn/.npm/express-session/1.11.3/package.tgz
56 verbose tar unpacking to /usr/lib/node_modules/express-session
57 silly gentlyRm /usr/lib/node_modules/express-session is being purged
58 verbose gentlyRm don't care about contents; nuking /usr/lib/node_modules/express-session
59 silly gunzTarPerm modes [ '775', '664' ]
60 error tar.unpack untar error /home/sanchitn/.npm/express-session/1.11.3/package.tgz
61 verbose unlock done using /home/sanchitn/.npm/_locks/express-session-34de49139685cc68.lock for /usr/lib/node_modules/express-session
62 verbose fstream_path /usr/lib/node_modules/express-session
63 verbose fstream_type Directory
64 verbose fstream_class DirWriter
65 verbose stack Error: EACCES, mkdir '/usr/lib/node_modules/express-session'
65 verbose stack     at Error (native)
66 verbose fstream_stack /usr/lib/node_modules/npm/node_modules/fstream/lib/dir-writer.js:35:25
66 verbose fstream_stack /usr/lib/node_modules/npm/node_modules/mkdirp/index.js:47:53
66 verbose fstream_stack FSReqWrap.oncomplete (fs.js:95:15)
67 verbose cwd /home/sanchitn/Desktop/mean/Practical
68 error Linux 3.13.0-24-generic
69 error argv "/usr/bin/node" "/usr/bin/npm" "install" "express-session" "-g"
70 error node v0.12.7
71 error npm  v2.11.3
72 error path /usr/lib/node_modules/express-session
73 error code EACCES
74 error errno -13
75 error Error: EACCES, mkdir '/usr/lib/node_modules/express-session'
75 error     at Error (native)
75 error  { [Error: EACCES, mkdir '/usr/lib/node_modules/express-session']
75 error   errno: -13,
75 error   code: 'EACCES',
75 error   path: '/usr/lib/node_modules/express-session',
75 error   fstream_type: 'Directory',
75 error   fstream_path: '/usr/lib/node_modules/express-session',
75 error   fstream_class: 'DirWriter',
75 error   fstream_stack:
75 error    [ '/usr/lib/node_modules/npm/node_modules/fstream/lib/dir-writer.js:35:25',
75 error      '/usr/lib/node_modules/npm/node_modules/mkdirp/index.js:47:53',
75 error      'FSReqWrap.oncomplete (fs.js:95:15)' ] }
76 error Please try running this command again as root/Administrator.
77 verbose exit [ -13, true ]
78 verbose unbuild lib/node_modules/express-session
79 silly gentlyRm /usr/lib/node_modules/express-session is being purged from base /usr
80 verbose gentlyRm don't care about contents; nuking /usr/lib/node_modules/express-session
